C:\USERS\炎侃\DESKTOP\FA20130522 - 副本\FA2013\RELEASE\ACHANNEL.OBJ
C:\USERS\炎侃\DESKTOP\FA20130522 - 副本\FA2013\RELEASE\AVIEW.OBJ
C:\USERS\炎侃\DESKTOP\FA20130522 - 副本\FA2013\RELEASE\BOUNDRY.OBJ
C:\USERS\炎侃\DESKTOP\FA20130522 - 副本\FA2013\RELEASE\CALC.OBJ
C:\USERS\炎侃\DESKTOP\FA20130522 - 副本\FA2013\RELEASE\CHILDFRM.OBJ
C:\Users\炎侃\Desktop\fa20130522 - 副本\FA2013\Release\cl.command.1.tlog
C:\Users\炎侃\Desktop\fa20130522 - 副本\FA2013\Release\CL.read.1.tlog
C:\Users\炎侃\Desktop\fa20130522 - 副本\FA2013\Release\CL.write.1.tlog
C:\USERS\炎侃\DESKTOP\FA20130522 - 副本\FA2013\RELEASE\COMTIME.OBJ
C:\USERS\炎侃\DESKTOP\FA20130522 - 副本\FA2013\RELEASE\COMTRADE.OBJ
C:\USERS\炎侃\DESKTOP\FA20130522 - 副本\FA2013\RELEASE\DLGBDCHILD.OBJ
C:\USERS\炎侃\DESKTOP\FA20130522 - 副本\FA2013\RELEASE\DLGBOUNDRY.OBJ
C:\USERS\炎侃\DESKTOP\FA20130522 - 副本\FA2013\RELEASE\DLGBUSDIFF.OBJ
C:\USERS\炎侃\DESKTOP\FA20130522 - 副本\FA2013\RELEASE\DLGBUSDIFFDATA.OBJ
C:\USERS\炎侃\DESKTOP\FA20130522 - 副本\FA2013\RELEASE\DLGFORM.OBJ
C:\USERS\炎侃\DESKTOP\FA20130522 - 副本\FA2013\RELEASE\DLGHARMO.OBJ
C:\USERS\炎侃\DESKTOP\FA20130522 - 副本\FA2013\RELEASE\DLGIMP.OBJ
C:\USERS\炎侃\DESKTOP\FA20130522 - 副本\FA2013\RELEASE\DLGIMPCHANSEL.OBJ
C:\USERS\炎侃\DESKTOP\FA20130522 - 副本\FA2013\RELEASE\DLGPHASE.OBJ
C:\USERS\炎侃\DESKTOP\FA20130522 - 副本\FA2013\RELEASE\DLGPOWER.OBJ
C:\USERS\炎侃\DESKTOP\FA20130522 - 副本\FA2013\RELEASE\DLGSEQCOMP.OBJ
C:\USERS\炎侃\DESKTOP\FA20130522 - 副本\FA2013\RELEASE\DLGVNAME.OBJ
C:\USERS\炎侃\DESKTOP\FA20130522 - 副本\FA2013\RELEASE\DRAWCUBE.OBJ
C:\USERS\炎侃\DESKTOP\FA20130522 - 副本\FA2013\RELEASE\DVIEW.OBJ
C:\USERS\炎侃\DESKTOP\FA20130522 - 副本\FA2013\RELEASE\FA2013.EXE.INTERMEDIATE.MANIFEST
C:\USERS\炎侃\DESKTOP\FA20130522 - 副本\FA2013\RELEASE\FA2013.OBJ
C:\USERS\炎侃\DESKTOP\FA20130522 - 副本\FA2013\RELEASE\FA2013.PCH
C:\USERS\炎侃\DESKTOP\FA20130522 - 副本\FA2013\RELEASE\FA2013.RES
C:\Users\炎侃\Desktop\fa20130522 - 副本\FA2013\Release\FA2013.vcxprojResolveAssemblyReference.cache
C:\Users\炎侃\Desktop\fa20130522 - 副本\FA2013\Release\FA2013.write.1.tlog
C:\USERS\炎侃\DESKTOP\FA20130522 - 副本\FA2013\RELEASE\FA2013DOC.OBJ
C:\Users\炎侃\Desktop\fa20130522 - 副本\FA2013\Release\link.command.1.tlog
C:\Users\炎侃\Desktop\fa20130522 - 副本\FA2013\Release\link.read.1.tlog
C:\Users\炎侃\Desktop\fa20130522 - 副本\FA2013\Release\link.write.1.tlog
C:\Users\炎侃\Desktop\fa20130522 - 副本\FA2013\Release\link-cvtres.read.1.tlog
C:\Users\炎侃\Desktop\fa20130522 - 副本\FA2013\Release\link-cvtres.write.1.tlog
C:\USERS\炎侃\DESKTOP\FA20130522 - 副本\FA2013\RELEASE\MAINFRM.OBJ
C:\Users\炎侃\Desktop\fa20130522 - 副本\FA2013\Release\mt.command.1.tlog
C:\Users\炎侃\Desktop\fa20130522 - 副本\FA2013\Release\mt.read.1.tlog
C:\Users\炎侃\Desktop\fa20130522 - 副本\FA2013\Release\mt.write.1.tlog
C:\Users\炎侃\Desktop\fa20130522 - 副本\FA2013\Release\rc.command.1.tlog
C:\Users\炎侃\Desktop\fa20130522 - 副本\FA2013\Release\rc.read.1.tlog
C:\Users\炎侃\Desktop\fa20130522 - 副本\FA2013\Release\rc.write.1.tlog
C:\USERS\炎侃\DESKTOP\FA20130522 - 副本\FA2013\RELEASE\STDAFX.OBJ
C:\USERS\炎侃\DESKTOP\FA20130522 - 副本\FA2013\RELEASE\VC100.PDB
C:\USERS\炎侃\DESKTOP\FA20130522 - 副本\RELEASE\FA2013.EXE
C:\USERS\炎侃\DESKTOP\FA20130522 - 副本\RELEASE\FA2013.PDB
